# JRE version: Java(TM) SE Runtime Environment (8.0_202-b08) (build 1.8.0_202-b08)
# Java VM: Java HotSpot(TM) 64-Bit Server VM (25.202-b08 mixed mode windows-amd64 compressed oops)
Heap:
 PSYoungGen      total 961024K, used 730318K [0x0000000780780000, 0x00000007bfc80000, 0x00000007c0000000)
  eden space 886784K, 82% used [0x0000000780780000,0x00000007ad0b3ab8,0x00000007b6980000)
  from space 74240K, 0% used [0x00000007bb400000,0x00000007bb400000,0x00000007bfc80000)
  to   space 75264K, 0% used [0x00000007b6980000,0x00000007b6980000,0x00000007bb300000)
 ParOldGen       total 135168K, used 68789K [0x0000000701600000, 0x0000000709a00000, 0x0000000780780000)
  object space 135168K, 50% used [0x0000000701600000,0x000000070592d608,0x0000000709a00000)
 Metaspace       used 62489K, capacity 71894K, committed 72064K, reserved 1112064K
  class space    used 8019K, capacity 9752K, committed 9856K, reserved 1048576K
GC Heap History (10 events):
Event: 1870.558 GC heap before
{Heap before GC invocations=72 (full 30):
 PSYoungGen      total 963072K, used 55493K [0x0000000780780000, 0x00000007c0000000, 0x00000007c0000000)
  eden space 883712K, 0% used [0x0000000780780000,0x0000000780780000,0x00000007b6680000)
  from space 79360K, 69% used [0x00000007bb280000,0x00000007be8b17b8,0x00000007c0000000)
  to   space 77824K, 0% used [0x00000007b6680000,0x00000007b6680000,0x00000007bb280000)
 ParOldGen       total 135168K, used 68536K [0x0000000701600000, 0x0000000709a00000, 0x0000000780780000)
  object space 135168K, 50% used [0x0000000701600000,0x00000007058ee290,0x0000000709a00000)
 Metaspace       used 61276K, capacity 70552K, committed 70784K, reserved 1110016K
  class space    used 7852K, capacity 9531K, committed 9600K, reserved 1048576K
Event: 1870.728 GC heap after
Heap after GC invocations=72 (full 30):
 PSYoungGen      total 963072K, used 0K [0x0000000780780000, 0x00000007c0000000, 0x00000007c0000000)
  eden space 883712K, 0% used [0x0000000780780000,0x0000000780780000,0x00000007b6680000)
  from space 79360K, 0% used [0x00000007bb280000,0x00000007bb280000,0x00000007c0000000)
  to   space 77824K, 0% used [0x00000007b6680000,0x00000007b6680000,0x00000007bb280000)
 ParOldGen       total 135168K, used 68615K [0x0000000701600000, 0x0000000709a00000, 0x0000000780780000)
  object space 135168K, 50% used [0x0000000701600000,0x0000000705901f90,0x0000000709a00000)
 Metaspace       used 61273K, capacity 70546K, committed 70784K, reserved 1110016K
  class space    used 7851K, capacity 9529K, committed 9600K, reserved 1048576K
}
Event: 1956.854 GC heap before
{Heap before GC invocations=73 (full 30):
 PSYoungGen      total 963072K, used 749228K [0x0000000780780000, 0x00000007c0000000, 0x00000007c0000000)
  eden space 883712K, 84% used [0x0000000780780000,0x00000007ae32b1e8,0x00000007b6680000)
  from space 79360K, 0% used [0x00000007bb280000,0x00000007bb280000,0x00000007c0000000)
  to   space 77824K, 0% used [0x00000007b6680000,0x00000007b6680000,0x00000007bb280000)
 ParOldGen       total 135168K, used 68615K [0x0000000701600000, 0x0000000709a00000, 0x0000000780780000)
  object space 135168K, 50% used [0x0000000701600000,0x0000000705901f90,0x0000000709a00000)
 Metaspace       used 61749K, capacity 71144K, committed 71424K, reserved 1112064K
  class space    used 7907K, capacity 9608K, committed 9728K, reserved 1048576K
Event: 1956.914 GC heap after
Heap after GC invocations=73 (full 30):
 PSYoungGen      total 961536K, used 55517K [0x0000000780780000, 0x00000007bfe80000, 0x00000007c0000000)
  eden space 883712K, 0% used [0x0000000780780000,0x0000000780780000,0x00000007b6680000)
  from space 77824K, 71% used [0x00000007b6680000,0x00000007b9cb7648,0x00000007bb280000)
  to   space 76288K, 0% used [0x00000007bb400000,0x00000007bb400000,0x00000007bfe80000)
 ParOldGen       total 135168K, used 68623K [0x0000000701600000, 0x0000000709a00000, 0x0000000780780000)
  object space 135168K, 50% used [0x0000000701600000,0x0000000705903f90,0x0000000709a00000)
 Metaspace       used 61749K, capacity 71144K, committed 71424K, reserved 1112064K
  class space    used 7907K, capacity 9608K, committed 9728K, reserved 1048576K
}
Event: 1956.914 GC heap before
{Heap before GC invocations=74 (full 31):
 PSYoungGen      total 961536K, used 55517K [0x0000000780780000, 0x00000007bfe80000, 0x00000007c0000000)
  eden space 883712K, 0% used [0x0000000780780000,0x0000000780780000,0x00000007b6680000)
  from space 77824K, 71% used [0x00000007b6680000,0x00000007b9cb7648,0x00000007bb280000)
  to   space 76288K, 0% used [0x00000007bb400000,0x00000007bb400000,0x00000007bfe80000)
 ParOldGen       total 135168K, used 68623K [0x0000000701600000, 0x0000000709a00000, 0x0000000780780000)
  object space 135168K, 50% used [0x0000000701600000,0x0000000705903f90,0x0000000709a00000)
 Metaspace       used 61749K, capacity 71144K, committed 71424K, reserved 1112064K
  class space    used 7907K, capacity 9608K, committed 9728K, reserved 1048576K
Event: 1957.100 GC heap after
Heap after GC invocations=74 (full 31):
 PSYoungGen      total 961536K, used 0K [0x0000000780780000, 0x00000007bfe80000, 0x00000007c0000000)
  eden space 883712K, 0% used [0x0000000780780000,0x0000000780780000,0x00000007b6680000)
  from space 77824K, 0% used [0x00000007b6680000,0x00000007b6680000,0x00000007bb280000)
  to   space 76288K, 0% used [0x00000007bb400000,0x00000007bb400000,0x00000007bfe80000)
 ParOldGen       total 135168K, used 68703K [0x0000000701600000, 0x0000000709a00000, 0x0000000780780000)
  object space 135168K, 50% used [0x0000000701600000,0x0000000705917d70,0x0000000709a00000)
 Metaspace       used 61746K, capacity 71138K, committed 71424K, reserved 1112064K
  class space    used 7906K, capacity 9606K, committed 9728K, reserved 1048576K
}
Event: 2041.621 GC heap before
{Heap before GC invocations=75 (full 31):
 PSYoungGen      total 961536K, used 747446K [0x0000000780780000, 0x00000007bfe80000, 0x00000007c0000000)
  eden space 883712K, 84% used [0x0000000780780000,0x00000007ae16d9f0,0x00000007b6680000)
  from space 77824K, 0% used [0x00000007b6680000,0x00000007b6680000,0x00000007bb280000)
  to   space 76288K, 0% used [0x00000007bb400000,0x00000007bb400000,0x00000007bfe80000)
 ParOldGen       total 135168K, used 68703K [0x0000000701600000, 0x0000000709a00000, 0x0000000780780000)
  object space 135168K, 50% used [0x0000000701600000,0x0000000705917d70,0x0000000709a00000)
 Metaspace       used 62048K, capacity 71550K, committed 71680K, reserved 1112064K
  class space    used 7964K, capacity 9686K, committed 9728K, reserved 1048576K
Event: 2041.672 GC heap after
Heap after GC invocations=75 (full 31):
 PSYoungGen      total 961024K, used 55577K [0x0000000780780000, 0x00000007bfc80000, 0x00000007c0000000)
  eden space 886784K, 0% used [0x0000000780780000,0x0000000780780000,0x00000007b6980000)
  from space 74240K, 74% used [0x00000007bb400000,0x00000007bea46688,0x00000007bfc80000)
  to   space 75264K, 0% used [0x00000007b6980000,0x00000007b6980000,0x00000007bb300000)
 ParOldGen       total 135168K, used 68711K [0x0000000701600000, 0x0000000709a00000, 0x0000000780780000)
  object space 135168K, 50% used [0x0000000701600000,0x0000000705919d70,0x0000000709a00000)
 Metaspace       used 62048K, capacity 71550K, committed 71680K, reserved 1112064K
  class space    used 7964K, capacity 9686K, committed 9728K, reserved 1048576K
}
Event: 2041.672 GC heap before
{Heap before GC invocations=76 (full 32):
 PSYoungGen      total 961024K, used 55577K [0x0000000780780000, 0x00000007bfc80000, 0x00000007c0000000)
  eden space 886784K, 0% used [0x0000000780780000,0x0000000780780000,0x00000007b6980000)
  from space 74240K, 74% used [0x00000007bb400000,0x00000007bea46688,0x00000007bfc80000)
  to   space 75264K, 0% used [0x00000007b6980000,0x00000007b6980000,0x00000007bb300000)
 ParOldGen       total 135168K, used 68711K [0x0000000701600000, 0x0000000709a00000, 0x0000000780780000)
  object space 135168K, 50% used [0x0000000701600000,0x0000000705919d70,0x0000000709a00000)
 Metaspace       used 62048K, capacity 71550K, committed 71680K, reserved 1112064K
  class space    used 7964K, capacity 9686K, committed 9728K, reserved 1048576K
Event: 2041.840 GC heap after
Heap after GC invocations=76 (full 32):
 PSYoungGen      total 961024K, used 0K [0x0000000780780000, 0x00000007bfc80000, 0x00000007c0000000)
  eden space 886784K, 0% used [0x0000000780780000,0x0000000780780000,0x00000007b6980000)
  from space 74240K, 0% used [0x00000007bb400000,0x00000007bb400000,0x00000007bfc80000)
  to   space 75264K, 0% used [0x00000007b6980000,0x00000007b6980000,0x00000007bb300000)
 ParOldGen       total 135168K, used 68789K [0x0000000701600000, 0x0000000709a00000, 0x0000000780780000)
  object space 135168K, 50% used [0x0000000701600000,0x000000070592d608,0x0000000709a00000)
 Metaspace       used 62046K, capacity 71544K, committed 71680K, reserved 1112064K
  class space    used 7964K, capacity 9684K, committed 9728K, reserved 1048576K
}

